  Compiling CUDA source file src\SF_CUDA.cu...
  
  E:\dsdsd\Source_Code>"C:\Program Files\NVIDIA GPU Computing Toolkit\CUDA\v11.3\bin\nvcc.exe" -gencode=arch=compute_52,code=\"sm_52,compute_52\" --use-local-env -ccbin "C:\Program Files (x86)\Microsoft Visual Studio\2019\Community\VC\Tools\MSVC\14.29.30037\bin\HostX86\x64" -x cu   -IE:\dsdsd\Source_Code\ExternalResources\GLFW\include -IE:\dsdsd\Source_Code\ExternalResources\GLAD -I"C:\Program Files\NVIDIA GPU Computing Toolkit\CUDA\v11.3\include" -I"C:\Program Files\NVIDIA GPU Computing Toolkit\CUDA\v11.3\include"     --keep-dir x64\Release  -maxrregcount=0  --machine 64 --compile -cudart static    -DWIN32 -DWIN64 -DNDEBUG -D_CONSOLE -D_MBCS -Xcompiler "/EHsc /W3 /nologo /O2 /Fdx64\Release\vc142.pdb /FS   /MD " -o x64\Release\SF_CUDA.cu.obj "E:\dsdsd\Source_Code\src\SF_CUDA.cu" 
  SF_CUDA.cu
E:\dsdsd\Source_Code\src\Math_Helper.cuh(95): warning C4244: "Initialisierung": Konvertierung von "float" in "int", möglicher Datenverlust
E:\dsdsd\Source_Code\src\Math_Helper.cuh(96): warning C4244: "Initialisierung": Konvertierung von "float" in "int", möglicher Datenverlust
E:\dsdsd\Source_Code\src\Math_Helper.cuh(105): warning C4244: "Initialisierung": Konvertierung von "int" in "float", möglicher Datenverlust
E:\dsdsd\Source_Code\src\Math_Helper.cuh(106): warning C4244: "Initialisierung": Konvertierung von "int" in "float", möglicher Datenverlust
  Application.cpp
C:\Program Files (x86)\Windows Kits\10\Include\10.0.19041.0\shared\minwindef.h(130,1): warning C4005: "APIENTRY": Makro-Neudefinition
E:\dsdsd\Source_Code\ExternalResources\GLAD\glad\glad.h(32): message : Siehe vorherige Definition von "APIENTRY"
E:\dsdsd\Source_Code\src\Math_Helper.cuh(95,12): warning C4244: "Initialisierung": Konvertierung von "float" in "int", möglicher Datenverlust
E:\dsdsd\Source_Code\src\Math_Helper.cuh(96,12): warning C4244: "Initialisierung": Konvertierung von "float" in "int", möglicher Datenverlust
E:\dsdsd\Source_Code\src\Math_Helper.cuh(105,10): warning C4244: "Initialisierung": Konvertierung von "int" in "float", möglicher Datenverlust
E:\dsdsd\Source_Code\src\Math_Helper.cuh(106,10): warning C4244: "Initialisierung": Konvertierung von "int" in "float", möglicher Datenverlust
E:\dsdsd\Source_Code\src\Application.cpp(211,10): warning C4244: "Argument": Konvertierung von "double" in "DWORD", möglicher Datenverlust
  SF_Sequential.cpp
E:\dsdsd\Source_Code\src\Math_Helper.cuh(95,12): warning C4244: "Initialisierung": Konvertierung von "float" in "int", möglicher Datenverlust
E:\dsdsd\Source_Code\src\Math_Helper.cuh(96,12): warning C4244: "Initialisierung": Konvertierung von "float" in "int", möglicher Datenverlust
E:\dsdsd\Source_Code\src\Math_Helper.cuh(105,10): warning C4244: "Initialisierung": Konvertierung von "int" in "float", möglicher Datenverlust
E:\dsdsd\Source_Code\src\Math_Helper.cuh(106,10): warning C4244: "Initialisierung": Konvertierung von "int" in "float", möglicher Datenverlust
     Bibliothek "E:\dsdsd\Source_Code\x64\Release\SocialForce.lib" und Objekt "E:\dsdsd\Source_Code\x64\Release\SocialForce.exp" werden erstellt.
  Code wird generiert.
  21 of 176 functions (11.9%) were compiled, the rest were copied from previous compilation.
    0 functions were new in current compilation
    0 functions had inline decision re-evaluated but remain unchanged
  Codegenerierung ist abgeschlossen.
  SocialForce.vcxproj -> E:\dsdsd\Source_Code\x64\Release\SocialForce.exe
