e:\dsdsd\source_code\x64\debug\vc142.pdb
e:\dsdsd\source_code\x64\debug\vc142.idb
e:\dsdsd\source_code\x64\debug\sf_sequential.obj
e:\dsdsd\source_code\x64\debug\application.obj
e:\dsdsd\source_code\x64\debug\glad.obj
x64\debug\kernel.cu.obj
x64\debug\sf_cuda.cu.obj
e:\dsdsd\source_code\x64\debug\socialforce.ilk
e:\dsdsd\source_code\x64\debug\socialforce.exe
e:\dsdsd\source_code\x64\debug\socialforce.pdb
e:\dsdsd\source_code\x64\debug\socialforce.lib
e:\dsdsd\source_code\x64\debug\socialforce.exp
e:\dsdsd\source_code\x64\debug\kernel.cu.cache
e:\dsdsd\source_code\x64\debug\sf_cuda.cu.cache
e:\dsdsd\source_code\x64\debug\kernel.cu.obj
e:\dsdsd\source_code\x64\debug\sf_cuda.cu.obj
e:\dsdsd\source_code\x64\debug\socialforce.tlog\cl.command.1.tlog
e:\dsdsd\source_code\x64\debug\socialforce.tlog\cl.read.1.tlog
e:\dsdsd\source_code\x64\debug\socialforce.tlog\cl.write.1.tlog
e:\dsdsd\source_code\x64\debug\socialforce.tlog\cudacompile.read.1u.tlog
e:\dsdsd\source_code\x64\debug\socialforce.tlog\cudacompile.write.1u.tlog
e:\dsdsd\source_code\x64\debug\socialforce.tlog\link.command.1.tlog
e:\dsdsd\source_code\x64\debug\socialforce.tlog\link.read.1.tlog
e:\dsdsd\source_code\x64\debug\socialforce.tlog\link.write.1.tlog
e:\dsdsd\source_code\x64\debug\socialforce.tlog\socialforce.write.1u.tlog
